{"service":"apps-server","message":"listening at 8080","level":"info"}
{"service":"apps-server","message":"listening at 8080","level":"info"}
{"service":"apps-server","message":"listening at 8080","level":"info"}
{"service":"apps-server","message":"listening at 8080","level":"info"}
{"service":"apps-server","message":"listening at 8080","level":"info"}
{"service":"apps-server","message":"listening at 8080","level":"info"}
{"service":"apps-server","message":"listening at 8080","level":"info"}
{"service":"apps-server","message":"listening at 8080","level":"info"}
{"service":"apps-server","message":"listening at 8080","level":"info"}
{"service":"apps-server","message":"listening at 8080","level":"info"}
{"service":"apps-server","message":"listening at 8080","level":"info"}
{"service":"birds","message":"[connection] new socket connected with id uY8HKTFz4UzGSjSzAAAB","level":"info"}
{"service":"apps-server","message":"listening at 8080","level":"info"}
{"service":"apps-server","message":"listening at 8080","level":"info"}
{"service":"apps-server","message":"listening at 8080","level":"info"}
{"service":"apps-server","message":"listening at 8080","level":"info"}
{"service":"apps-server","message":"listening at 8080","level":"info"}
{"service":"apps-server","message":"listening at 8080","level":"info"}
{"service":"apps-server","message":"listening at 8080","level":"info"}
{"service":"apps-server","message":"listening at 8080","level":"info"}
{"service":"apps-server","message":"listening at 8080","level":"info"}
{"service":"apps-server","message":"listening at 8080","level":"info"}
{"service":"apps-server","message":"listening at 8080","level":"info"}
{"service":"apps-server","message":"listening at 8080","level":"info"}
{"service":"apps-server","message":"listening at 8080","level":"info"}
{"service":"birds","message":"[connection] new socket connected with id 1vV0p8bZkElfBxxvAAAB","level":"info"}
{"service":"birds","message":"[PlayersManager] new player connected, there are currently 1 player(s)","level":"info"}
{"service":"birds","message":"[change_ready_state] waiting for players","level":"info"}
{"service":"birds","message":"players ready, start game!","level":"info"}
{"service":"birds","message":"[updateGameState] playing game","level":"info"}
{"service":"birds","message":"generate new pipe!","level":"info"}
{"service":"birds","message":"generate new pipe!","level":"info"}
{"service":"birds","message":"[updateScore]","level":"info"}
{"service":"birds","message":"generate new pipe!","level":"info"}
{"service":"birds","message":"[updateScore]","level":"info"}
{"service":"birds","message":"generate new pipe!","level":"info"}
{"service":"birds","message":"[updateScore]","level":"info"}
{"service":"birds","message":"generate new pipe!","level":"info"}
{"service":"birds","message":"[updateScore]","level":"info"}
{"service":"birds","message":"generate new pipe!","level":"info"}
{"service":"birds","message":"[updateScore]","level":"info"}
{"service":"birds","message":"generate new pipe!","level":"info"}
{"service":"birds","message":"[died] jeff just died","level":"info"}
{"service":"birds","message":"[died] jeff just died","level":"info"}
{"service":"birds","message":"[died] jeff just died","level":"info"}
{"service":"birds","message":"[updateGameState] displaying scoreboard","level":"info"}
{"service":"birds","message":"[PlayersManager] [savePlayerScore] 5","level":"info"}
{"service":"birds","message":"[PlayersManager] [getHighScores] [object Object]","level":"info"}
{"service":"birds","message":"[PlayersManager] [sendPlayerScore] [object Object]","level":"info"}
{"service":"birds","message":"[updateGameState] waiting for players","level":"info"}
{"service":"apps-server","message":"listening at 8080","level":"info"}
{"service":"apps-server","message":"listening at 8080","level":"info"}
{"service":"apps-server","message":"listening at 8080","level":"info"}
{"service":"birds","message":"[connection] new socket connected with id 7POrChf5GhgdX2NcAAAB","level":"info"}
{"service":"birds","message":"[PlayersManager] new player connected, there are currently 1 player(s)","level":"info"}
